<?xml version="1.0" encoding="UTF-8"?>
<testng-results ignored="0" total="2" passed="2" failed="0" skipped="0">
  <reporter-output>
  </reporter-output>
  <suite started-at="2025-06-28T10:40:56 IST" name="Default suite" finished-at="2025-06-28T10:40:56 IST" duration-ms="95">
    <groups>
    </groups>
    <test started-at="2025-06-28T10:40:56 IST" name="Default test" finished-at="2025-06-28T10:40:56 IST" duration-ms="95">
      <class name="test.TestScenarioDataProvider">
        <test-method signature="dataProv(int,java.lang.String)[pri:0, instance:test.TestScenarioDataProvider@6b2ea799]" started-at="2025-06-28T10:40:56 IST" name="dataProv" data-provider="logindata" finished-at="2025-06-28T10:40:56 IST" duration-ms="19" status="PASS">
          <params>
            <param index="0">
              <value>
                <![CDATA[240]]>
              </value>
            </param>
            <param index="1">
              <value>
                <![CDATA[John Cena]]>
              </value>
            </param>
          </params>
          <reporter-output>
          </reporter-output>
        </test-method> <!-- dataProv -->
        <test-method signature="dataProv(int,java.lang.String)[pri:0, instance:test.TestScenarioDataProvider@6b2ea799]" started-at="2025-06-28T10:40:56 IST" name="dataProv" data-provider="logindata" finished-at="2025-06-28T10:40:56 IST" duration-ms="2" status="PASS">
          <params>
            <param index="0">
              <value>
                <![CDATA[245]]>
              </value>
            </param>
            <param index="1">
              <value>
                <![CDATA[Randy Orton]]>
              </value>
            </param>
          </params>
          <reporter-output>
          </reporter-output>
        </test-method> <!-- dataProv -->
      </class> <!-- test.TestScenarioDataProvider -->
    </test> <!-- Default test -->
  </suite> <!-- Default suite -->
</testng-results>
