<?xml version="1.0" encoding="UTF-8"?>
<!-- Generated by org.testng.reporters.JUnitXMLReporter -->
<testsuite ignored="1" hostname="Sandy" failures="1" tests="5" name="Test" time="4.102" errors="0" timestamp="2025-06-09T00:14:51 IST">
  <testcase classname="test.TestScenario02" name="displayname" time="0.008"/>
  <testcase classname="test.TestScenario02" name="smoke01" time="0.002"/>
  <testcase classname="test.TestScenario01" name="Mobilelogin" time="4.009">
    <failure type="org.testng.internal.thread.ThreadTimeoutException" message="Method test.TestScenario01.Mobilelogin() didn&amp;apos;t finish within the time-out 4000">
      <![CDATA[org.testng.internal.thread.ThreadTimeoutException: Method test.TestScenario01.Mobilelogin() didn't finish within the time-out 4000
at java.base/java.lang.Thread.sleepNanos0(Native Method)
at java.base/java.lang.Thread.sleepNanos(Thread.java:496)
at java.base/java.lang.Thread.sleep(Thread.java:588)
at test.TestScenario01.Mobilelogin(TestScenario01.java:32)
at java.base/java.util.concurrent.FutureTask.run(FutureTask.java:317)
at java.base/java.util.concurrent.ThreadPoolExecutor.runWorker(ThreadPoolExecutor.java:1144)
at java.base/java.util.concurrent.ThreadPoolExecutor$Worker.run(ThreadPoolExecutor.java:642)
at java.base/java.lang.Thread.run(Thread.java:1575)
... Removed 6 stack frames]]>
    </failure>
  </testcase> <!-- Mobilelogin -->
  <testcase classname="test.TestScenario01" name="smoke" time="0.003"/>
  <testcase classname="test.TestScenario02" name="Mobiletestcase" time="0.002"/>
  <testcase classname="test.TestScenario01" name="Laplogin" time="0.0">
    <ignored/>
  </testcase> <!-- Laplogin -->
</testsuite> <!-- Test -->
