<?xml version="1.0" encoding="UTF-8"?>
<!-- Generated by org.testng.reporters.JUnitXMLReporter -->
<testsuite ignored="4" hostname="Sandy" failures="0" tests="3" name="groups01" time="0.072" errors="0" timestamp="2025-06-07T19:59:28 IST">
  <testcase classname="test.TestScenario01" name="smoke" time="0.012"/>
  <testcase classname="test.TestScenario02" name="smoke01" time="0.001"/>
  <testcase classname="test.TestScenario3" name="smoke02" time="0.003"/>
  <testcase classname="test.TestScenario02" name="Mobiletestcase" time="0.0">
    <ignored/>
  </testcase> <!-- Mobiletestcase -->
  <testcase classname="test.TestScenario01" name="Mobilelogin" time="0.0">
    <ignored/>
  </testcase> <!-- Mobilelogin -->
  <testcase classname="test.TestScenario3" name="main" time="0.0">
    <ignored/>
  </testcase> <!-- main -->
  <testcase classname="test.TestScenario01" name="Laplogin" time="0.0">
    <ignored/>
  </testcase> <!-- Laplogin -->
</testsuite> <!-- groups01 -->
